# JRE version: OpenJDK Runtime Environment Temurin-17.0.5+8 (17.0.5+8) (build 17.0.5+8)
# Java VM: OpenJDK 64-Bit Server VM Temurin-17.0.5+8 (17.0.5+8, mixed mode, tiered, compressed oops, compressed class ptrs, g1 gc, windows-amd64)
GC Precious Log:
 CPUs: 16 total, 16 available
 Memory: 16005M
 Large Page Support: Disabled
 NUMA Support: Disabled
 Compressed Oops: Enabled (Zero based)
 Heap Region Size: 2M
 Heap Min Capacity: 8M
 Heap Initial Capacity: 252M
 Heap Max Capacity: 4002M
 Pre-touch: Disabled
 Parallel Workers: 13
 Concurrent Workers: 3
 Concurrent Refinement Workers: 13
 Periodic GC: Disabled
Heap:
 garbage-first heap   total 428032K, used 121884K [0x0000000705e00000, 0x0000000800000000)
  region size 2048K, 9 young (18432K), 1 survivors (2048K)
 Metaspace       used 16205K, committed 16448K, reserved 1064960K
  class space    used 1374K, committed 1472K, reserved 1048576K
GC Heap History (20 events):
Event: 38.256 GC heap before
{Heap before GC invocations=17 (full 0):
 garbage-first heap   total 311296K, used 184737K [0x0000000705e00000, 0x0000000800000000)
  region size 2048K, 36 young (73728K), 1 survivors (2048K)
 Metaspace       used 15935K, committed 16192K, reserved 1064960K
  class space    used 1356K, committed 1472K, reserved 1048576K
}
Event: 38.259 GC heap after
{Heap after GC invocations=18 (full 0):
 garbage-first heap   total 311296K, used 82118K [0x0000000705e00000, 0x0000000800000000)
  region size 2048K, 1 young (2048K), 1 survivors (2048K)
 Metaspace       used 15935K, committed 16192K, reserved 1064960K
  class space    used 1356K, committed 1472K, reserved 1048576K
}
Event: 38.564 GC heap before
{Heap before GC invocations=18 (full 0):
 garbage-first heap   total 311296K, used 166086K [0x0000000705e00000, 0x0000000800000000)
  region size 2048K, 15 young (30720K), 1 survivors (2048K)
 Metaspace       used 15936K, committed 16192K, reserved 1064960K
  class space    used 1356K, committed 1472K, reserved 1048576K
}
Event: 38.565 GC heap after
{Heap after GC invocations=19 (full 0):
 garbage-first heap   total 311296K, used 69816K [0x0000000705e00000, 0x0000000800000000)
  region size 2048K, 1 young (2048K), 1 survivors (2048K)
 Metaspace       used 15936K, committed 16192K, reserved 1064960K
  class space    used 1356K, committed 1472K, reserved 1048576K
}
Event: 38.646 GC heap before
{Heap before GC invocations=19 (full 0):
 garbage-first heap   total 311296K, used 139448K [0x0000000705e00000, 0x0000000800000000)
  region size 2048K, 2 young (4096K), 1 survivors (2048K)
 Metaspace       used 15936K, committed 16192K, reserved 1064960K
  class space    used 1356K, committed 1472K, reserved 1048576K
}
Event: 38.647 GC heap after
{Heap after GC invocations=20 (full 0):
 garbage-first heap   total 311296K, used 102604K [0x0000000705e00000, 0x0000000800000000)
  region size 2048K, 1 young (2048K), 1 survivors (2048K)
 Metaspace       used 15936K, committed 16192K, reserved 1064960K
  class space    used 1356K, committed 1472K, reserved 1048576K
}
Event: 38.673 GC heap before
{Heap before GC invocations=20 (full 0):
 garbage-first heap   total 311296K, used 139468K [0x0000000705e00000, 0x0000000800000000)
  region size 2048K, 2 young (4096K), 1 survivors (2048K)
 Metaspace       used 15936K, committed 16192K, reserved 1064960K
  class space    used 1356K, committed 1472K, reserved 1048576K
}
Event: 38.674 GC heap after
{Heap after GC invocations=21 (full 0):
 garbage-first heap   total 311296K, used 86245K [0x0000000705e00000, 0x0000000800000000)
  region size 2048K, 1 young (2048K), 1 survivors (2048K)
 Metaspace       used 15936K, committed 16192K, reserved 1064960K
  class space    used 1356K, committed 1472K, reserved 1048576K
}
Event: 38.712 GC heap before
{Heap before GC invocations=21 (full 0):
 garbage-first heap   total 311296K, used 139493K [0x0000000705e00000, 0x0000000800000000)
  region size 2048K, 2 young (4096K), 1 survivors (2048K)
 Metaspace       used 15937K, committed 16192K, reserved 1064960K
  class space    used 1356K, committed 1472K, reserved 1048576K
}
Event: 38.713 GC heap after
{Heap after GC invocations=22 (full 0):
 garbage-first heap   total 428032K, used 94401K [0x0000000705e00000, 0x0000000800000000)
  region size 2048K, 1 young (2048K), 1 survivors (2048K)
 Metaspace       used 15937K, committed 16192K, reserved 1064960K
  class space    used 1356K, committed 1472K, reserved 1048576K
}
Event: 52.925 GC heap before
{Heap before GC invocations=22 (full 0):
 garbage-first heap   total 428032K, used 391361K [0x0000000705e00000, 0x0000000800000000)
  region size 2048K, 99 young (202752K), 1 survivors (2048K)
 Metaspace       used 16047K, committed 16192K, reserved 1064960K
  class space    used 1365K, committed 1472K, reserved 1048576K
}
Event: 52.927 GC heap after
{Heap after GC invocations=23 (full 0):
 garbage-first heap   total 428032K, used 125401K [0x0000000705e00000, 0x0000000800000000)
  region size 2048K, 1 young (2048K), 1 survivors (2048K)
 Metaspace       used 16047K, committed 16192K, reserved 1064960K
  class space    used 1365K, committed 1472K, reserved 1048576K
}
Event: 56.709 GC heap before
{Heap before GC invocations=23 (full 0):
 garbage-first heap   total 428032K, used 231897K [0x0000000705e00000, 0x0000000800000000)
  region size 2048K, 21 young (43008K), 1 survivors (2048K)
 Metaspace       used 16055K, committed 16256K, reserved 1064960K
  class space    used 1365K, committed 1472K, reserved 1048576K
}
Event: 56.710 GC heap after
{Heap after GC invocations=24 (full 0):
 garbage-first heap   total 428032K, used 135557K [0x0000000705e00000, 0x0000000800000000)
  region size 2048K, 1 young (2048K), 1 survivors (2048K)
 Metaspace       used 16055K, committed 16256K, reserved 1064960K
  class space    used 1365K, committed 1472K, reserved 1048576K
}
Event: 56.771 GC heap before
{Heap before GC invocations=24 (full 0):
 garbage-first heap   total 428032K, used 192901K [0x0000000705e00000, 0x0000000800000000)
  region size 2048K, 2 young (4096K), 1 survivors (2048K)
 Metaspace       used 16069K, committed 16256K, reserved 1064960K
  class space    used 1365K, committed 1472K, reserved 1048576K
}
Event: 56.772 GC heap after
{Heap after GC invocations=25 (full 0):
 garbage-first heap   total 428032K, used 98695K [0x0000000705e00000, 0x0000000800000000)
  region size 2048K, 1 young (2048K), 1 survivors (2048K)
 Metaspace       used 16069K, committed 16256K, reserved 1064960K
  class space    used 1365K, committed 1472K, reserved 1048576K
}
Event: 56.923 GC heap before
{Heap before GC invocations=25 (full 0):
 garbage-first heap   total 428032K, used 192903K [0x0000000705e00000, 0x0000000800000000)
  region size 2048K, 2 young (4096K), 1 survivors (2048K)
 Metaspace       used 16084K, committed 16320K, reserved 1064960K
  class space    used 1365K, committed 1472K, reserved 1048576K
}
Event: 56.924 GC heap after
{Heap after GC invocations=26 (full 0):
 garbage-first heap   total 428032K, used 117156K [0x0000000705e00000, 0x0000000800000000)
  region size 2048K, 1 young (2048K), 1 survivors (2048K)
 Metaspace       used 16084K, committed 16320K, reserved 1064960K
  class space    used 1365K, committed 1472K, reserved 1048576K
}
Event: 63.770 GC heap before
{Heap before GC invocations=26 (full 0):
 garbage-first heap   total 428032K, used 420260K [0x0000000705e00000, 0x0000000800000000)
  region size 2048K, 117 young (239616K), 1 survivors (2048K)
 Metaspace       used 16205K, committed 16448K, reserved 1064960K
  class space    used 1374K, committed 1472K, reserved 1048576K
}
Event: 63.772 GC heap after
{Heap after GC invocations=27 (full 0):
 garbage-first heap   total 428032K, used 107548K [0x0000000705e00000, 0x0000000800000000)
  region size 2048K, 1 young (2048K), 1 survivors (2048K)
 Metaspace       used 16205K, committed 16448K, reserved 1064960K
  class space    used 1374K, committed 1472K, reserved 1048576K
}

