# JRE version: OpenJDK Runtime Environment Temurin-17.0.5+8 (17.0.5+8) (build 17.0.5+8)
# Java VM: OpenJDK 64-Bit Server VM Temurin-17.0.5+8 (17.0.5+8, mixed mode, tiered, compressed oops, compressed class ptrs, g1 gc, windows-amd64)
GC Precious Log:
 CPUs: 16 total, 16 available
 Memory: 16005M
 Large Page Support: Disabled
 NUMA Support: Disabled
 Compressed Oops: Enabled (Zero based)
 Heap Region Size: 2M
 Heap Min Capacity: 8M
 Heap Initial Capacity: 252M
 Heap Max Capacity: 4002M
 Pre-touch: Disabled
 Parallel Workers: 13
 Concurrent Workers: 3
 Concurrent Refinement Workers: 13
 Periodic GC: Disabled
Heap:
 garbage-first heap   total 395264K, used 106059K [0x0000000705e00000, 0x0000000800000000)
  region size 2048K, 13 young (26624K), 1 survivors (2048K)
 Metaspace       used 16260K, committed 16448K, reserved 1064960K
  class space    used 1378K, committed 1472K, reserved 1048576K
GC Heap History (20 events):
Event: 40.798 GC heap before
{Heap before GC invocations=20 (full 0):
 garbage-first heap   total 395264K, used 287534K [0x0000000705e00000, 0x0000000800000000)
  region size 2048K, 55 young (112640K), 1 survivors (2048K)
 Metaspace       used 16164K, committed 16384K, reserved 1064960K
  class space    used 1378K, committed 1472K, reserved 1048576K
}
Event: 40.799 GC heap after
{Heap after GC invocations=21 (full 0):
 garbage-first heap   total 395264K, used 137547K [0x0000000705e00000, 0x0000000800000000)
  region size 2048K, 1 young (2048K), 1 survivors (2048K)
 Metaspace       used 16164K, committed 16384K, reserved 1064960K
  class space    used 1378K, committed 1472K, reserved 1048576K
}
Event: 40.870 GC heap before
{Heap before GC invocations=21 (full 0):
 garbage-first heap   total 395264K, used 178507K [0x0000000705e00000, 0x0000000800000000)
  region size 2048K, 2 young (4096K), 1 survivors (2048K)
 Metaspace       used 16180K, committed 16384K, reserved 1064960K
  class space    used 1378K, committed 1472K, reserved 1048576K
}
Event: 40.871 GC heap after
{Heap after GC invocations=22 (full 0):
 garbage-first heap   total 395264K, used 92547K [0x0000000705e00000, 0x0000000800000000)
  region size 2048K, 1 young (2048K), 1 survivors (2048K)
 Metaspace       used 16180K, committed 16384K, reserved 1064960K
  class space    used 1378K, committed 1472K, reserved 1048576K
}
Event: 41.017 GC heap before
{Heap before GC invocations=22 (full 0):
 garbage-first heap   total 395264K, used 178563K [0x0000000705e00000, 0x0000000800000000)
  region size 2048K, 2 young (4096K), 1 survivors (2048K)
 Metaspace       used 16194K, committed 16384K, reserved 1064960K
  class space    used 1378K, committed 1472K, reserved 1048576K
}
Event: 41.018 GC heap after
{Heap after GC invocations=23 (full 0):
 garbage-first heap   total 395264K, used 115082K [0x0000000705e00000, 0x0000000800000000)
  region size 2048K, 1 young (2048K), 1 survivors (2048K)
 Metaspace       used 16194K, committed 16384K, reserved 1064960K
  class space    used 1378K, committed 1472K, reserved 1048576K
}
Event: 41.123 GC heap before
{Heap before GC invocations=23 (full 0):
 garbage-first heap   total 395264K, used 176522K [0x0000000705e00000, 0x0000000800000000)
  region size 2048K, 2 young (4096K), 1 survivors (2048K)
 Metaspace       used 16199K, committed 16448K, reserved 1064960K
  class space    used 1378K, committed 1472K, reserved 1048576K
}
Event: 41.123 GC heap after
{Heap after GC invocations=24 (full 0):
 garbage-first heap   total 395264K, used 102816K [0x0000000705e00000, 0x0000000800000000)
  region size 2048K, 1 young (2048K), 1 survivors (2048K)
 Metaspace       used 16199K, committed 16448K, reserved 1064960K
  class space    used 1378K, committed 1472K, reserved 1048576K
}
Event: 53.056 GC heap before
{Heap before GC invocations=24 (full 0):
 garbage-first heap   total 395264K, used 242080K [0x0000000705e00000, 0x0000000800000000)
  region size 2048K, 36 young (73728K), 1 survivors (2048K)
 Metaspace       used 16226K, committed 16448K, reserved 1064960K
  class space    used 1378K, committed 1472K, reserved 1048576K
}
Event: 53.057 GC heap after
{Heap after GC invocations=25 (full 0):
 garbage-first heap   total 395264K, used 117601K [0x0000000705e00000, 0x0000000800000000)
  region size 2048K, 1 young (2048K), 1 survivors (2048K)
 Metaspace       used 16226K, committed 16448K, reserved 1064960K
  class space    used 1378K, committed 1472K, reserved 1048576K
}
Event: 53.354 GC heap before
{Heap before GC invocations=25 (full 0):
 garbage-first heap   total 395264K, used 203617K [0x0000000705e00000, 0x0000000800000000)
  region size 2048K, 15 young (30720K), 1 survivors (2048K)
 Metaspace       used 16238K, committed 16448K, reserved 1064960K
  class space    used 1378K, committed 1472K, reserved 1048576K
}
Event: 53.355 GC heap after
{Heap after GC invocations=26 (full 0):
 garbage-first heap   total 395264K, used 76615K [0x0000000705e00000, 0x0000000800000000)
  region size 2048K, 1 young (2048K), 1 survivors (2048K)
 Metaspace       used 16238K, committed 16448K, reserved 1064960K
  class space    used 1378K, committed 1472K, reserved 1048576K
}
Event: 53.487 GC heap before
{Heap before GC invocations=26 (full 0):
 garbage-first heap   total 395264K, used 176967K [0x0000000705e00000, 0x0000000800000000)
  region size 2048K, 2 young (4096K), 1 survivors (2048K)
 Metaspace       used 16241K, committed 16448K, reserved 1064960K
  class space    used 1378K, committed 1472K, reserved 1048576K
}
Event: 53.488 GC heap after
{Heap after GC invocations=27 (full 0):
 garbage-first heap   total 395264K, used 123741K [0x0000000705e00000, 0x0000000800000000)
  region size 2048K, 1 young (2048K), 1 survivors (2048K)
 Metaspace       used 16241K, committed 16448K, reserved 1064960K
  class space    used 1378K, committed 1472K, reserved 1048576K
}
Event: 53.528 GC heap before
{Heap before GC invocations=27 (full 0):
 garbage-first heap   total 395264K, used 176989K [0x0000000705e00000, 0x0000000800000000)
  region size 2048K, 2 young (4096K), 1 survivors (2048K)
 Metaspace       used 16241K, committed 16448K, reserved 1064960K
  class space    used 1378K, committed 1472K, reserved 1048576K
}
Event: 53.528 GC heap after
{Heap after GC invocations=28 (full 0):
 garbage-first heap   total 395264K, used 101313K [0x0000000705e00000, 0x0000000800000000)
  region size 2048K, 1 young (2048K), 1 survivors (2048K)
 Metaspace       used 16241K, committed 16448K, reserved 1064960K
  class space    used 1378K, committed 1472K, reserved 1048576K
}
Event: 60.244 GC heap before
{Heap before GC invocations=28 (full 0):
 garbage-first heap   total 395264K, used 377793K [0x0000000705e00000, 0x0000000800000000)
  region size 2048K, 112 young (229376K), 1 survivors (2048K)
 Metaspace       used 16258K, committed 16448K, reserved 1064960K
  class space    used 1378K, committed 1472K, reserved 1048576K
}
Event: 60.247 GC heap after
{Heap after GC invocations=29 (full 0):
 garbage-first heap   total 395264K, used 99916K [0x0000000705e00000, 0x0000000800000000)
  region size 2048K, 1 young (2048K), 1 survivors (2048K)
 Metaspace       used 16258K, committed 16448K, reserved 1064960K
  class space    used 1378K, committed 1472K, reserved 1048576K
}
Event: 65.867 GC heap before
{Heap before GC invocations=29 (full 0):
 garbage-first heap   total 395264K, used 345676K [0x0000000705e00000, 0x0000000800000000)
  region size 2048K, 114 young (233472K), 1 survivors (2048K)
 Metaspace       used 16259K, committed 16448K, reserved 1064960K
  class space    used 1378K, committed 1472K, reserved 1048576K
}
Event: 65.868 GC heap after
{Heap after GC invocations=30 (full 0):
 garbage-first heap   total 395264K, used 83531K [0x0000000705e00000, 0x0000000800000000)
  region size 2048K, 1 young (2048K), 1 survivors (2048K)
 Metaspace       used 16259K, committed 16448K, reserved 1064960K
  class space    used 1378K, committed 1472K, reserved 1048576K
}

